<?xml version="1.0" encoding="UTF-8"?>
<!-- Generated by org.testng.reporters.JUnitReportReporter -->
<testsuite hostname="65c4606e3be95e7" failures="0" tests="2" name="EndpointTest.registerEndpointTests" time="5.477" errors="0" timestamp="2025-04-03T16:33:36 IST" skipped="0">
  <testcase classname="EndpointTest.registerEndpointTests" name="TestInvaildUserRegister" time="4.989"/>
  <system-out/>
  <testcase classname="EndpointTest.registerEndpointTests" name="TestvalidUserRegister" time="0.488"/>
  <system-out/>
</testsuite> <!-- EndpointTest.registerEndpointTests -->
