<?xml version="1.0" encoding="UTF-8"?>
<!-- Generated by org.testng.reporters.JUnitReportReporter -->
<testsuite hostname="65c4606e3be95e7" failures="0" tests="1" name="BDD.testRunner.TestRunner" time="7.646" errors="0" timestamp="2025-04-02T16:15:26 IST" skipped="0">
  <testcase classname="BDD.testRunner.TestRunner" name="runScenario" time="7.646"/>
  <system-out/>
</testsuite> <!-- BDD.testRunner.TestRunner -->
