<?xml version="1.0" encoding="UTF-8"?>
<!-- Generated by org.testng.reporters.JUnitReportReporter -->
<testsuite hostname="65c4606e3be95e7" failures="0" tests="1" name="CA.Assignment6.SignUpErrorMessagesTest" time="6.482" errors="0" timestamp="2025-03-18T12:43:07 IST" skipped="0">
  <testcase classname="CA.Assignment6.SignUpErrorMessagesTest" name="testSignUpErrorMessages" time="6.482"/>
</testsuite> <!-- CA.Assignment6.SignUpErrorMessagesTest -->
