<?xml version="1.0" encoding="UTF-8"?>
<!-- Generated by org.testng.reporters.JUnitReportReporter -->
<testsuite hostname="65c4606e3be95e7" failures="0" tests="1" name="NewTabTest" time="5.983" errors="0" timestamp="18 Mar 2025 06:28:28 GMT">
  <testcase classname="NewTabTest" name="testSwitchToChildWindowAndVerifyTitle" time="5.983"/>
</testsuite> <!-- NewTabTest -->
